Using pre-set license
Built from '2020.3/staging' branch; Version is '2020.3.13f1 (71691879b7f5) revision 7432472'; Using compiler version '192528614'; Build Type 'Release'
OS: 'Windows 10 Home; OS build 19043.928; Version 2009; 64bit' Language: 'el' Physical Memory: 6092 MB
BatchMode: 1, IsHumanControllingUs: 0, StartBugReporterOnCrash: 0, Is64bit: 1, IsPro: 0

 COMMAND LINE ARGUMENTS:
C:\Users\Κωνσταντινος\Desktop\unity\2020.3.13f1\Editor\Unity.exe
-adb2
-batchMode
-noUpm
-name
AssetImportWorker0
-projectPath
C:/Users/Κωνσταντινος/Desktop/unity/projects/Mix And Game Jam
-logFile
Logs/AssetImportWorker0.log
-srvPort
56075
Successfully changed project path to: C:/Users/Κωνσταντινος/Desktop/unity/projects/Mix And Game Jam
C:/Users/Κωνσταντινος/Desktop/unity/projects/Mix And Game Jam
Using Asset Import Pipeline V2.
Refreshing native plugins compatible for Editor in 250.46 ms, found 4 plugins.
Preloading 0 native plugins for Editor in 0.00 ms.
Initialize engine version: 2020.3.13f1 (71691879b7f5)
[Subsystems] Discovering subsystems at path C:/Users/Κωνσταντινος/Desktop/unity/2020.3.13f1/Editor/Data/Resources/UnitySubsystems
[Subsystems] Discovering subsystems at path C:/Users/Κωνσταντινος/Desktop/unity/projects/Mix And Game Jam/Assets
GfxDevice: creating device client; threaded=0
Direct3D:
    Version:  Direct3D 11.0 [level 11.1]
    Renderer: AMD Radeon(TM) RX Vega 11 Graphics (ID=0x15d8)
    Vendor:   
    VRAM:     3046 MB
    Driver:   27.20.1034.6
Shader 'Universal Render Pipeline/Particles/Lit': fallback shader 'Universal Render Pipeline/Particles/SimpleLit' not found
Initialize mono
Mono path[0] = 'C:/Users/Κωνσταντινος/Desktop/unity/2020.3.13f1/Editor/Data/Managed'
Mono path[1] = 'C:/Users/Κωνσταντινος/Desktop/unity/2020.3.13f1/Editor/Data/MonoBleedingEdge/lib/mono/unityjit'
Mono config path = 'C:/Users/Κωνσταντινος/Desktop/unity/2020.3.13f1/Editor/Data/MonoBleedingEdge/etc'
Using monoOptions --debugger-agent=transport=dt_socket,embedding=1,server=y,suspend=n,address=127.0.0.1:56352
Begin MonoManager ReloadAssembly
Registering precompiled unity dll's ...
Register platform support module: C:/Users/Κωνσταντινος/Desktop/unity/2020.3.13f1/Editor/Data/PlaybackEngines/WindowsStandaloneSupport/UnityEditor.WindowsStandalone.Extensions.dll
Registered in 0.007451 seconds.
Native extension for WindowsStandalone target not found
Refreshing native plugins compatible for Editor in 74.68 ms, found 4 plugins.
Preloading 0 native plugins for Editor in 0.00 ms.
Mono: successfully reloaded assembly
- Completed reload, in  9.437 seconds
Platform modules already initialized, skipping
Registering precompiled user dll's ...
Registered in 0.042068 seconds.
Begin MonoManager ReloadAssembly
Native extension for WindowsStandalone target not found
Refreshing native plugins compatible for Editor in 78.38 ms, found 4 plugins.
Preloading 0 native plugins for Editor in 0.00 ms.
RefreshInfo: StopAssetImportingV2(NoUpdateAssetOptions) scanfilter: 
RefreshProfiler: Total: 0.000ms
Mono: successfully reloaded assembly
- Completed reload, in  1.596 seconds
Platform modules already initialized, skipping
========================================================================
Worker process is ready to serve import requests
Shader 'Universal Render Pipeline/Particles/Lit': fallback shader 'Universal Render Pipeline/Particles/SimpleLit' not found
Launched and connected shader compiler UnityShaderCompiler.exe after 0.10 seconds
Refreshing native plugins compatible for Editor in 2.83 ms, found 4 plugins.
Preloading 0 native plugins for Editor in 0.00 ms.
Unloading 55 Unused Serialized files (Serialized files now loaded: 0)
System memory in use before: 71.5 MB.
System memory in use after: 71.7 MB.

Unloading 80 unused Assets to reduce memory usage. Loaded Objects now: 3392.
Total: 12.941700 ms (FindLiveObjects: 2.039100 ms CreateObjectMapping: 0.628900 ms MarkObjects: 8.540500 ms  DeleteObjects: 1.675200 ms)

AssetImportParameters requested are different than current active one (requested -> active):
  custom:framework-win-MediaFoundation: 216162199b28c13a410421893ffa2e32 -> 
  custom:video-decoder-ogg-theora: a1e56fd34408186e4bbccfd4996cb3dc -> 
  custom:container-muxer-webm: aa71ff27fc2769a1b78a27578f13a17b -> 
  custom:container-demuxer-webm: 4f35f7cbe854078d1ac9338744f61a02 -> 
  custom:container-demuxer-ogg: 62fdf1f143b41e24485cea50d1cbac27 -> 
  custom:video-encoder-webm-vp8: eb34c28f22e8b96e1ab97ce403110664 -> 
  custom:video-decoder-webm-vp8: 9c59270c3fd7afecdb556c50c9e8de78 -> 
  custom:audio-decoder-ogg-vorbis: bf7c407c2cedff20999df2af8eb42d56 -> 
  custom:audio-encoder-webm-vorbis: bf7c407c2cedff20999df2af8eb42d56 -> 
========================================================================
Received Import Request.
  path: Assets/UniversalRenderPipelineAsset_Renderer.asset
  artifactKey: Guid(87af8579d7dffcb44bdb1c997abf05d5) Importer(815301076,1909f56bfc062723c751e8b465ee728b)
Start importing Assets/UniversalRenderPipelineAsset_Renderer.asset using Guid(87af8579d7dffcb44bdb1c997abf05d5) Importer(815301076,1909f56bfc062723c751e8b465ee728b)  -> (artifact id: 'a79bd6e0d9abde4d858cb95d2dedce0c') in 0.084532 seconds 
  Import took 0.095496 seconds .

========================================================================
Received Import Request.
  Time since last request: 0.004375 seconds.
  path: Assets/UniversalRenderPipelineAsset.asset
  artifactKey: Guid(a08c3552e429db94db5fce55861b8654) Importer(815301076,1909f56bfc062723c751e8b465ee728b)
Start importing Assets/UniversalRenderPipelineAsset.asset using Guid(a08c3552e429db94db5fce55861b8654) Importer(815301076,1909f56bfc062723c751e8b465ee728b)  -> (artifact id: 'c838c30c946068aa4443284cf02c496f') in 0.017500 seconds 
  Import took 0.023999 seconds .

========================================================================
Received Import Request.
  Time since last request: 0.000252 seconds.
  path: Assets/New 2D Renderer Data.asset
  artifactKey: Guid(0a94c0f535778e04d8cd7a876dc08597) Importer(815301076,1909f56bfc062723c751e8b465ee728b)
Start importing Assets/New 2D Renderer Data.asset using Guid(0a94c0f535778e04d8cd7a876dc08597) Importer(815301076,1909f56bfc062723c751e8b465ee728b)  -> (artifact id: '00264cc6f5f2c7b5a3bc07d411745993') in 0.018342 seconds 
  Import took 0.026474 seconds .

========================================================================
Received Import Request.
  Time since last request: 1.789803 seconds.
  path: Assets/Scenes/New LightmapParameters.giparams
  artifactKey: Guid(7974136cd4da9b248bbe2e50dffaa948) Importer(815301076,1909f56bfc062723c751e8b465ee728b)
Start importing Assets/Scenes/New LightmapParameters.giparams using Guid(7974136cd4da9b248bbe2e50dffaa948) Importer(815301076,1909f56bfc062723c751e8b465ee728b)  -> (artifact id: '23f02127a729b97a491e7c745ca26f4d') in 0.019223 seconds 
  Import took 0.026253 seconds .

========================================================================
Received Import Request.
  Time since last request: 2.623101 seconds.
  path: Assets/Scenes/SampleScene.unity
  artifactKey: Guid(2cda990e2423bbf4892e6590ba056729) Importer(815301076,1909f56bfc062723c751e8b465ee728b)
Start importing Assets/Scenes/SampleScene.unity using Guid(2cda990e2423bbf4892e6590ba056729) Importer(815301076,1909f56bfc062723c751e8b465ee728b)  -> (artifact id: 'e80fda3009fb02d6060b094171f6aad6') in 0.013557 seconds 
  Import took 0.019346 seconds .

========================================================================
Received Import Request.
  Time since last request: 0.011008 seconds.
  path: Assets/Scenes/SampleScene.unity
  artifactKey: Guid(2cda990e2423bbf4892e6590ba056729) Importer(815301076,1909f56bfc062723c751e8b465ee728b)
Start importing Assets/Scenes/SampleScene.unity using Guid(2cda990e2423bbf4892e6590ba056729) Importer(815301076,1909f56bfc062723c751e8b465ee728b)  -> (artifact id: 'e80fda3009fb02d6060b094171f6aad6') in 0.003442 seconds 
  Import took 0.010165 seconds .

========================================================================
Received Import Request.
  Time since last request: 111.446666 seconds.
  path: Assets/Scenes/5.unity
  artifactKey: Guid(396b314ba4f21024589ecf77a86a8c08) Importer(815301076,1909f56bfc062723c751e8b465ee728b)
Start importing Assets/Scenes/5.unity using Guid(396b314ba4f21024589ecf77a86a8c08) Importer(815301076,1909f56bfc062723c751e8b465ee728b)  -> (artifact id: 'f22b18c4ded65c5e31115112bba3730c') in 0.013518 seconds 
  Import took 0.021178 seconds .

========================================================================
Received Prepare
Registering precompiled user dll's ...
Registered in 0.095953 seconds.
Begin MonoManager ReloadAssembly
Native extension for WindowsStandalone target not found
Refreshing native plugins compatible for Editor in 1.20 ms, found 4 plugins.
Preloading 0 native plugins for Editor in 0.00 ms.
RefreshInfo: StopAssetImportingV2(NoUpdateAssetOptions) scanfilter: 
RefreshProfiler: Total: 0.000ms
Mono: successfully reloaded assembly
- Completed reload, in  1.300 seconds
Platform modules already initialized, skipping
Shader 'Universal Render Pipeline/Particles/Lit': fallback shader 'Universal Render Pipeline/Particles/SimpleLit' not found
Refreshing native plugins compatible for Editor in 1.19 ms, found 4 plugins.
Preloading 0 native plugins for Editor in 0.00 ms.
Unloading 800 Unused Serialized files (Serialized files now loaded: 0)
System memory in use before: 85.6 MB.
System memory in use after: 85.8 MB.

Unloading 71 unused Assets to reduce memory usage. Loaded Objects now: 3397.
Total: 3.076500 ms (FindLiveObjects: 0.297200 ms CreateObjectMapping: 0.073700 ms MarkObjects: 2.664900 ms  DeleteObjects: 0.039000 ms)

AssetImportParameters requested are different than current active one (requested -> active):
  custom:framework-win-MediaFoundation: 216162199b28c13a410421893ffa2e32 -> 
  custom:video-decoder-ogg-theora: a1e56fd34408186e4bbccfd4996cb3dc -> 
  custom:container-muxer-webm: aa71ff27fc2769a1b78a27578f13a17b -> 
  custom:container-demuxer-webm: 4f35f7cbe854078d1ac9338744f61a02 -> 
  custom:container-demuxer-ogg: 62fdf1f143b41e24485cea50d1cbac27 -> 
  custom:video-encoder-webm-vp8: eb34c28f22e8b96e1ab97ce403110664 -> 
  custom:video-decoder-webm-vp8: 9c59270c3fd7afecdb556c50c9e8de78 -> 
  custom:audio-decoder-ogg-vorbis: bf7c407c2cedff20999df2af8eb42d56 -> 
  custom:audio-encoder-webm-vorbis: bf7c407c2cedff20999df2af8eb42d56 -> 
AssetImportWorkerClient::OnTransportError - code=2 error=End of file
